<?xml version="1.0" encoding="UTF-8"?>
<!-- Generated by org.testng.reporters.JUnitReportReporter -->
<testsuite hostname="LAPTOP-VAHD59TG" failures="0" tests="1" name="Worldline.task_1.AppTest" time="24.804" errors="0" timestamp="2024-03-23T19:45:12 IST" skipped="0">
  <testcase classname="Worldline.task_1.AppTest" name="openBrowser" time="24.804"/>
</testsuite> <!-- Worldline.task_1.AppTest -->
